<?xml version="1.0" encoding="ISO-8859-1"?>
<testsuite name="test_error_output" errors="5" failures="0" tests="5" time="0.078" hostname="unknown" timestamp="2016-04-26T12:01:19">
  <properties/>
  <testcase classname="test_error_output" name="test_special_characters">
    <error><![CDATA[This some special characters: !"ยง$%&/()=?. Enjoy.
In test_error_output.m at line 7
In run_test.m at line 21
In run_test.m at line 50
In run_suite.m at line 86
In run_suite_collection.m at line 137
In run_suite_collection.m at line 50
In recursive_test_run.m at line 27]]></error>
  </testcase>
  <testcase classname="test_error_output" name="test_unknown_function">
    <error><![CDATA[Undefined function or variable 'do_you_know_this'.
In test_error_output.m at line 11
In run_test.m at line 21
In run_test.m at line 50
In run_suite.m at line 86
In run_suite_collection.m at line 137
In run_suite_collection.m at line 50
In recursive_test_run.m at line 27]]></error>
  </testcase>
  <testcase classname="test_error_output" name="test_invalid_usage">
    <error><![CDATA[Input argument "name" is undefined.
In fileparts.m at line 16
In test_error_output.m at line 15
In run_test.m at line 21
In run_test.m at line 50
In run_suite.m at line 86
In run_suite_collection.m at line 137
In run_suite_collection.m at line 50
In recursive_test_run.m at line 27]]></error>
  </testcase>
  <testcase classname="test_error_output" name="test_syntax_error_ifend">
    <error><![CDATA[Illegal use of reserved keyword "end".
In sample_syntax_error_ifend.m at line 3
In test_error_output.m at line 19
In run_test.m at line 21
In run_test.m at line 50
In run_suite.m at line 86
In run_suite_collection.m at line 137
In run_suite_collection.m at line 50
In recursive_test_run.m at line 27]]></error>
  </testcase>
  <testcase classname="test_error_output" name="test_syntax_error_paren">
    <error><![CDATA[Unbalanced or unexpected parenthesis or bracket.
In sample_syntax_error_paren.m at line 3
In test_error_output.m at line 23
In run_test.m at line 21
In run_test.m at line 50
In run_suite.m at line 86
In run_suite_collection.m at line 137
In run_suite_collection.m at line 50
In recursive_test_run.m at line 27]]></error>
  </testcase>
  <system-out/>
  <system-err/>
</testsuite>
